2022-10-03 10:47:57,150 INFO: Microblog startup [in /Users/dnumonov/CS-205/mglog-ikromshi/app/__init__.py:43]
2022-10-03 10:48:29,851 ERROR: Exception on /signup [GET] [in /Users/dnumonov/CS-205/mglog-ikromshi/venv/lib/python3.10/site-packages/flask/app.py:1741]
Traceback (most recent call last):
  File "/Users/dnumonov/CS-205/mglog-ikromshi/venv/lib/python3.10/site-packages/flask/app.py", line 2525, in wsgi_app
    response = self.full_dispatch_request()
  File "/Users/dnumonov/CS-205/mglog-ikromshi/venv/lib/python3.10/site-packages/flask/app.py", line 1822, in full_dispatch_request
    rv = self.handle_user_exception(e)
  File "/Users/dnumonov/CS-205/mglog-ikromshi/venv/lib/python3.10/site-packages/flask/app.py", line 1820, in full_dispatch_request
    rv = self.dispatch_request()
  File "/Users/dnumonov/CS-205/mglog-ikromshi/venv/lib/python3.10/site-packages/flask/app.py", line 1796, in dispatch_request
    return self.ensure_sync(self.view_functions[rule.endpoint])(**view_args)
  File "/Users/dnumonov/CS-205/mglog-ikromshi/app/routes.py", line 56, in signup
    return render_template("new_account.html", title="Sign Up", form=form)
  File "/Users/dnumonov/CS-205/mglog-ikromshi/venv/lib/python3.10/site-packages/flask/templating.py", line 146, in render_template
    template = app.jinja_env.get_or_select_template(template_name_or_list)
  File "/Users/dnumonov/CS-205/mglog-ikromshi/venv/lib/python3.10/site-packages/jinja2/environment.py", line 1081, in get_or_select_template
    return self.get_template(template_name_or_list, parent, globals)
  File "/Users/dnumonov/CS-205/mglog-ikromshi/venv/lib/python3.10/site-packages/jinja2/environment.py", line 1010, in get_template
    return self._load_template(name, globals)
  File "/Users/dnumonov/CS-205/mglog-ikromshi/venv/lib/python3.10/site-packages/jinja2/environment.py", line 969, in _load_template
    template = self.loader.load(self, name, self.make_globals(globals))
  File "/Users/dnumonov/CS-205/mglog-ikromshi/venv/lib/python3.10/site-packages/jinja2/loaders.py", line 126, in load
    source, filename, uptodate = self.get_source(environment, name)
  File "/Users/dnumonov/CS-205/mglog-ikromshi/venv/lib/python3.10/site-packages/flask/templating.py", line 62, in get_source
    return self._get_source_fast(environment, template)
  File "/Users/dnumonov/CS-205/mglog-ikromshi/venv/lib/python3.10/site-packages/flask/templating.py", line 98, in _get_source_fast
    raise TemplateNotFound(template)
jinja2.exceptions.TemplateNotFound: new_account.html
2022-10-10 21:14:53,710 INFO: Microblog startup [in /Users/dnumonov/CS-205/mglog-ikromshi/app/__init__.py:43]
2022-10-10 21:15:00,965 INFO: Microblog startup [in /Users/dnumonov/CS-205/mglog-ikromshi/app/__init__.py:43]
